<?xml version="1.0" encoding="UTF-8"?>
<testng-results ignored="0" total="1" passed="1" failed="0" skipped="0">
  <reporter-output>
  </reporter-output>
  <suite started-at="2022-12-21T20:23:06 EST" name="Default suite" finished-at="2022-12-21T20:23:06 EST" duration-ms="970">
    <groups>
    </groups>
    <test started-at="2022-12-21T20:23:06 EST" name="Default test" finished-at="2022-12-21T20:23:06 EST" duration-ms="970">
      <class name="tests.PostAPITest">
        <test-method is-config="true" signature="setUP()[pri:0, instance:tests.PostAPITest@73e22a3d]" started-at="2022-12-21T20:23:06 EST" name="setUP" finished-at="2022-12-21T20:23:06 EST" duration-ms="7" status="PASS">
          <reporter-output>
          </reporter-output>
        </test-method> <!-- setUP -->
        <test-method signature="postAPITest()[pri:0, instance:tests.PostAPITest@73e22a3d]" started-at="2022-12-21T20:23:06 EST" name="postAPITest" finished-at="2022-12-21T20:23:06 EST" duration-ms="920" status="PASS">
          <reporter-output>
          </reporter-output>
        </test-method> <!-- postAPITest -->
      </class> <!-- tests.PostAPITest -->
    </test> <!-- Default test -->
  </suite> <!-- Default suite -->
</testng-results>
